# JRE version: OpenJDK Runtime Environment (11.0.8) (build 11.0.8+0-b944-P17168821)
# Java VM: OpenJDK 64-Bit Server VM (11.0.8+0-b944-6842174, mixed mode, tiered, compressed oops, g1 gc, linux-amd64)
Heap:
 garbage-first heap   total 824320K, used 166729K [0x0000000080000000, 0x0000000100000000)
  region size 1024K, 3 young (3072K), 3 survivors (3072K)
 Metaspace       used 109220K, capacity 111875K, committed 112076K, reserved 1146880K
  class space    used 13515K, capacity 14494K, committed 14592K, reserved 1048576K
GC Heap History (20 events):
Event: 175.143 GC heap after
{Heap after GC invocations=62 (full 0):
 garbage-first heap   total 472064K, used 142491K [0x0000000080000000, 0x0000000100000000)
  region size 1024K, 11 young (11264K), 11 survivors (11264K)
 Metaspace       used 108731K, capacity 111345K, committed 111564K, reserved 1146880K
  class space    used 13515K, capacity 14494K, committed 14592K, reserved 1048576K
}
Event: 176.606 GC heap before
{Heap before GC invocations=62 (full 0):
 garbage-first heap   total 472064K, used 270491K [0x0000000080000000, 0x0000000100000000)
  region size 1024K, 136 young (139264K), 11 survivors (11264K)
 Metaspace       used 108746K, capacity 111345K, committed 111564K, reserved 1146880K
  class space    used 13515K, capacity 14494K, committed 14592K, reserved 1048576K
}
Event: 176.708 GC heap after
{Heap after GC invocations=63 (full 0):
 garbage-first heap   total 472064K, used 145154K [0x0000000080000000, 0x0000000100000000)
  region size 1024K, 11 young (11264K), 11 survivors (11264K)
 Metaspace       used 108746K, capacity 111345K, committed 111564K, reserved 1146880K
  class space    used 13515K, capacity 14494K, committed 14592K, reserved 1048576K
}
Event: 178.358 GC heap before
{Heap before GC invocations=63 (full 0):
 garbage-first heap   total 472064K, used 290562K [0x0000000080000000, 0x0000000100000000)
  region size 1024K, 153 young (156672K), 11 survivors (11264K)
 Metaspace       used 108769K, capacity 111346K, committed 111564K, reserved 1146880K
  class space    used 13515K, capacity 14494K, committed 14592K, reserved 1048576K
}
Event: 178.421 GC heap after
{Heap after GC invocations=64 (full 0):
 garbage-first heap   total 472064K, used 145797K [0x0000000080000000, 0x0000000100000000)
  region size 1024K, 11 young (11264K), 11 survivors (11264K)
 Metaspace       used 108769K, capacity 111346K, committed 111564K, reserved 1146880K
  class space    used 13515K, capacity 14494K, committed 14592K, reserved 1048576K
}
Event: 179.974 GC heap before
{Heap before GC invocations=64 (full 0):
 garbage-first heap   total 472064K, used 304517K [0x0000000080000000, 0x0000000100000000)
  region size 1024K, 166 young (169984K), 11 survivors (11264K)
 Metaspace       used 108773K, capacity 111346K, committed 111564K, reserved 1146880K
  class space    used 13515K, capacity 14494K, committed 14592K, reserved 1048576K
}
Event: 180.060 GC heap after
{Heap after GC invocations=65 (full 0):
 garbage-first heap   total 472064K, used 145797K [0x0000000080000000, 0x0000000100000000)
  region size 1024K, 11 young (11264K), 11 survivors (11264K)
 Metaspace       used 108773K, capacity 111346K, committed 111564K, reserved 1146880K
  class space    used 13515K, capacity 14494K, committed 14592K, reserved 1048576K
}
Event: 182.728 GC heap before
{Heap before GC invocations=65 (full 0):
 garbage-first heap   total 472064K, used 329093K [0x0000000080000000, 0x0000000100000000)
  region size 1024K, 190 young (194560K), 11 survivors (11264K)
 Metaspace       used 108793K, capacity 111410K, committed 111820K, reserved 1146880K
  class space    used 13515K, capacity 14494K, committed 14592K, reserved 1048576K
}
Event: 182.905 GC heap after
{Heap after GC invocations=66 (full 0):
 garbage-first heap   total 472064K, used 147333K [0x0000000080000000, 0x0000000100000000)
  region size 1024K, 13 young (13312K), 13 survivors (13312K)
 Metaspace       used 108793K, capacity 111410K, committed 111820K, reserved 1146880K
  class space    used 13515K, capacity 14494K, committed 14592K, reserved 1048576K
}
Event: 185.385 GC heap before
{Heap before GC invocations=66 (full 0):
 garbage-first heap   total 472064K, used 333701K [0x0000000080000000, 0x0000000100000000)
  region size 1024K, 195 young (199680K), 13 survivors (13312K)
 Metaspace       used 108804K, capacity 111410K, committed 111820K, reserved 1146880K
  class space    used 13515K, capacity 14494K, committed 14592K, reserved 1048576K
}
Event: 185.763 GC heap after
{Heap after GC invocations=67 (full 0):
 garbage-first heap   total 472064K, used 149381K [0x0000000080000000, 0x0000000100000000)
  region size 1024K, 15 young (15360K), 15 survivors (15360K)
 Metaspace       used 108804K, capacity 111410K, committed 111820K, reserved 1146880K
  class space    used 13515K, capacity 14494K, committed 14592K, reserved 1048576K
}
Event: 186.087 GC heap before
{Heap before GC invocations=67 (full 0):
 garbage-first heap   total 472064K, used 163717K [0x0000000080000000, 0x0000000100000000)
  region size 1024K, 29 young (29696K), 15 survivors (15360K)
 Metaspace       used 108805K, capacity 111410K, committed 111820K, reserved 1146880K
  class space    used 13515K, capacity 14494K, committed 14592K, reserved 1048576K
}
Event: 186.509 GC heap after
{Heap after GC invocations=68 (full 0):
 garbage-first heap   total 472064K, used 150121K [0x0000000080000000, 0x0000000100000000)
  region size 1024K, 1 young (1024K), 1 survivors (1024K)
 Metaspace       used 108805K, capacity 111410K, committed 111820K, reserved 1146880K
  class space    used 13515K, capacity 14494K, committed 14592K, reserved 1048576K
}
Event: 188.322 GC heap before
{Heap before GC invocations=68 (full 0):
 garbage-first heap   total 472064K, used 248425K [0x0000000080000000, 0x0000000100000000)
  region size 1024K, 97 young (99328K), 1 survivors (1024K)
 Metaspace       used 108818K, capacity 111412K, committed 111820K, reserved 1146880K
  class space    used 13515K, capacity 14494K, committed 14592K, reserved 1048576K
}
Event: 188.356 GC heap after
{Heap after GC invocations=69 (full 0):
 garbage-first heap   total 472064K, used 150843K [0x0000000080000000, 0x0000000100000000)
  region size 1024K, 2 young (2048K), 2 survivors (2048K)
 Metaspace       used 108818K, capacity 111412K, committed 111820K, reserved 1146880K
  class space    used 13515K, capacity 14494K, committed 14592K, reserved 1048576K
}
Event: 190.700 GC heap before
{Heap before GC invocations=69 (full 0):
 garbage-first heap   total 472064K, used 279867K [0x0000000080000000, 0x0000000100000000)
  region size 1024K, 128 young (131072K), 2 survivors (2048K)
 Metaspace       used 108922K, capacity 111495K, committed 111820K, reserved 1146880K
  class space    used 13515K, capacity 14494K, committed 14592K, reserved 1048576K
}
Event: 190.738 GC heap after
{Heap after GC invocations=70 (full 0):
 garbage-first heap   total 472064K, used 153188K [0x0000000080000000, 0x0000000100000000)
  region size 1024K, 4 young (4096K), 4 survivors (4096K)
 Metaspace       used 108922K, capacity 111495K, committed 111820K, reserved 1146880K
  class space    used 13515K, capacity 14494K, committed 14592K, reserved 1048576K
}
Event: 195.137 GC heap before
{Heap before GC invocations=70 (full 0):
 garbage-first heap   total 472064K, used 288356K [0x0000000080000000, 0x0000000100000000)
  region size 1024K, 131 young (134144K), 4 survivors (4096K)
 Metaspace       used 109219K, capacity 111875K, committed 112076K, reserved 1146880K
  class space    used 13515K, capacity 14494K, committed 14592K, reserved 1048576K
}
Event: 195.353 GC heap after
{Heap after GC invocations=71 (full 0):
 garbage-first heap   total 472064K, used 166978K [0x0000000080000000, 0x0000000100000000)
  region size 1024K, 17 young (17408K), 17 survivors (17408K)
 Metaspace       used 109219K, capacity 111875K, committed 112076K, reserved 1146880K
  class space    used 13515K, capacity 14494K, committed 14592K, reserved 1048576K
}
Event: 196.250 GC heap before
{Heap before GC invocations=71 (full 0):
 garbage-first heap   total 472064K, used 194626K [0x0000000080000000, 0x0000000100000000)
  region size 1024K, 44 young (45056K), 17 survivors (17408K)
 Metaspace       used 109220K, capacity 111875K, committed 112076K, reserved 1146880K
  class space    used 13515K, capacity 14494K, committed 14592K, reserved 1048576K
}

